<?xml version="1.0" encoding="UTF-8"?>
<testsuites name="ApiTest" time="22" tests="2" failures="1" errors="0">
   <testsuite name="ApiTest" tests="2" failures="1" errors="0" time="22" timestamp="2019-02-02 23:29:48" hostname="Jeevan 4 ru - jeevan" id="Test Suites/APITC/ApiTest">
      <properties>
         <property name="deviceName" value=""/>
         <property name="devicePlatform" value=""/>
         <property name="logFolder" value="C:\\Users\\Jeevan 4 ru\\Katalon Studio\\FirstAPI\\Reports\\APITC\\ApiTest\\20190202_232925"/>
         <property name="logFiles" value="C:\\Users\\Jeevan 4 ru\\Katalon Studio\\FirstAPI\\Reports\\APITC\\ApiTest\\20190202_232925\\execution0.log"/>
         <property name="attachments" value=""/>
         <property name="hostName" value="Jeevan 4 ru - jeevan"/>
         <property name="hostAddress" value="192.168.145.1"/>
         <property name="os" value="Windows 10 64bit"/>
         <property name="katalonVersion" value="5.10.1.1"/>
      </properties>
      <testcase name="Test Cases/Calculatorcases/AdditionTC" classname="Test Cases/Calculatorcases/AdditionTC" status="FAILED">
         <failure type="FAILED" message="Test Cases/Calculatorcases/AdditionTC FAILED.
Reason:
com.kms.katalon.core.exception.StepFailedException: Unable to verify element property value (Root cause: com.kms.katalon.core.exception.StepFailedException: Expected element property value '3' is not equal with actual property value '6')
	at com.kms.katalon.core.keyword.internal.KeywordMain.stepFailed(KeywordMain.groovy:36)
	at com.kms.katalon.core.keyword.internal.KeywordMain.stepFailed(KeywordMain.groovy)
	at com.kms.katalon.core.keyword.internal.KeywordMain.runKeyword(KeywordMain.groovy:56)
	at com.kms.katalon.core.webservice.keyword.builtin.VerifyElementPropertyValueKeyword.verifyElementPropertyValue(VerifyElementPropertyValueKeyword.groovy:48)
	at com.kms.katalon.core.webservice.keyword.builtin.VerifyElementPropertyValueKeyword.execute(VerifyElementPropertyValueKeyword.groovy:43)
	at com.kms.katalon.core.keyword.internal.KeywordExecutor.executeKeywordForPlatform(KeywordExecutor.groovy:53)
	at com.kms.katalon.core.webservice.keyword.WSBuiltInKeywords.verifyElementPropertyValue(WSBuiltInKeywords.groovy:123)
	at com.kms.katalon.core.webservice.keyword.WSBuiltInKeywords$verifyElementPropertyValue$2.call(Unknown Source)
	at AdditionTC.run(AdditionTC:20)
	at com.kms.katalon.core.main.ScriptEngine.run(ScriptEngine.java:194)
	at com.kms.katalon.core.main.ScriptEngine.runScriptAsRawText(ScriptEngine.java:119)
	at com.kms.katalon.core.main.TestCaseExecutor.runScript(TestCaseExecutor.java:328)
	at com.kms.katalon.core.main.TestCaseExecutor.doExecute(TestCaseExecutor.java:319)
	at com.kms.katalon.core.main.TestCaseExecutor.processExecutionPhase(TestCaseExecutor.java:298)
	at com.kms.katalon.core.main.TestCaseExecutor.accessMainPhase(TestCaseExecutor.java:290)
	at com.kms.katalon.core.main.TestCaseExecutor.execute(TestCaseExecutor.java:224)
	at com.kms.katalon.core.main.TestSuiteExecutor.accessTestCaseMainPhase(TestSuiteExecutor.java:129)
	at com.kms.katalon.core.main.TestSuiteExecutor.accessTestSuiteMainPhase(TestSuiteExecutor.java:112)
	at com.kms.katalon.core.main.TestSuiteExecutor.execute(TestSuiteExecutor.java:81)
	at com.kms.katalon.core.main.TestCaseMain.startTestSuite(TestCaseMain.java:149)
	at com.kms.katalon.core.main.TestCaseMain$startTestSuite$0.call(Unknown Source)
	at TempTestSuite1549130381085.run(TempTestSuite1549130381085.groovy:36)
"/>
         <system-out><![CDATA[2019-02-02 23:29:49 - [TEST_CASE][FAILED] - Test Cases/Calculatorcases/AdditionTC: Test Cases/Calculatorcases/AdditionTC FAILED.
Reason:
com.kms.katalon.core.exception.StepFailedException: Unable to verify element property value (Root cause: com.kms.katalon.core.exception.StepFailedException: Expected element property value '3' is not equal with actual property value '6')
	at com.kms.katalon.core.keyword.internal.KeywordMain.stepFailed(KeywordMain.groovy:36)
	at com.kms.katalon.core.keyword.internal.KeywordMain.stepFailed(KeywordMain.groovy)
	at com.kms.katalon.core.keyword.internal.KeywordMain.runKeyword(KeywordMain.groovy:56)
	at com.kms.katalon.core.webservice.keyword.builtin.VerifyElementPropertyValueKeyword.verifyElementPropertyValue(VerifyElementPropertyValueKeyword.groovy:48)
	at com.kms.katalon.core.webservice.keyword.builtin.VerifyElementPropertyValueKeyword.execute(VerifyElementPropertyValueKeyword.groovy:43)
	at com.kms.katalon.core.keyword.internal.KeywordExecutor.executeKeywordForPlatform(KeywordExecutor.groovy:53)
	at com.kms.katalon.core.webservice.keyword.WSBuiltInKeywords.verifyElementPropertyValue(WSBuiltInKeywords.groovy:123)
	at com.kms.katalon.core.webservice.keyword.WSBuiltInKeywords$verifyElementPropertyValue$2.call(Unknown Source)
	at AdditionTC.run(AdditionTC:20)
	at com.kms.katalon.core.main.ScriptEngine.run(ScriptEngine.java:194)
	at com.kms.katalon.core.main.ScriptEngine.runScriptAsRawText(ScriptEngine.java:119)
	at com.kms.katalon.core.main.TestCaseExecutor.runScript(TestCaseExecutor.java:328)
	at com.kms.katalon.core.main.TestCaseExecutor.doExecute(TestCaseExecutor.java:319)
	at com.kms.katalon.core.main.TestCaseExecutor.processExecutionPhase(TestCaseExecutor.java:298)
	at com.kms.katalon.core.main.TestCaseExecutor.accessMainPhase(TestCaseExecutor.java:290)
	at com.kms.katalon.core.main.TestCaseExecutor.execute(TestCaseExecutor.java:224)
	at com.kms.katalon.core.main.TestSuiteExecutor.accessTestCaseMainPhase(TestSuiteExecutor.java:129)
	at com.kms.katalon.core.main.TestSuiteExecutor.accessTestSuiteMainPhase(TestSuiteExecutor.java:112)
	at com.kms.katalon.core.main.TestSuiteExecutor.execute(TestSuiteExecutor.java:81)
	at com.kms.katalon.core.main.TestCaseMain.startTestSuite(TestCaseMain.java:149)
	at com.kms.katalon.core.main.TestCaseMain$startTestSuite$0.call(Unknown Source)
	at TempTestSuite1549130381085.run(TempTestSuite1549130381085.groovy:36)


2019-02-02 23:29:50 - [TEST_STEP][PASSED] - sendRequest(findTestObject("CalculatorAddition/Addition")): Send request successfully

2019-02-02 23:29:57 - [MESSAGE][INFO] - HAR: C:\Users\Jeevan 4 ru\Katalon Studio\FirstAPI\Reports\APITC\ApiTest\20190202_232925\requests\main\0.har

2019-02-02 23:29:57 - [MESSAGE][PASSED] - Send request successfully

2019-02-02 23:29:57 - [TEST_STEP][PASSED] - response = sendRequestAndVerify(findTestObject("CalculatorAddition/Addition")): Send request and verify the response successfully

2019-02-02 23:29:59 - [TEST_CASE][PASSED] - Start Test Case : Verification: Verification accomplished successfully

2019-02-02 23:29:59 - [TEST_STEP][PASSED] - request = getInstance().getCurrentRequest(): null

2019-02-02 23:30:00 - [TEST_STEP][PASSED] - response = getInstance().getCurrentResponse(): null

2019-02-02 23:30:00 - [TEST_STEP][PASSED] - verifyResponseStatusCode(response, 200): Verify response status code successfully

2019-02-02 23:30:00 - [MESSAGE][PASSED] - Verify response status code successfully

2019-02-02 23:30:00 - [TEST_STEP][PASSED] - getStatusCode()).isEqualTo(200): null

2019-02-02 23:30:00 - [TEST_STEP][PASSED] - getResponseText()).contains("AddResult"): null

2019-02-02 23:30:01 - [MESSAGE][PASSED] - Verify response successfully

2019-02-02 23:30:01 - [MESSAGE][PASSED] - Send request and verify the response successfully

2019-02-02 23:30:01 - [TEST_STEP][FAILED] - verifyElementPropertyValue(response, "AddResponse.AddResult", "3"): verifyElementPropertyValue(response, "AddResponse.AddResult", "3") FAILED.
Reason:
com.kms.katalon.core.exception.StepFailedException: Unable to verify element property value (Root cause: com.kms.katalon.core.exception.StepFailedException: Expected element property value '3' is not equal with actual property value '6')
	at com.kms.katalon.core.keyword.internal.KeywordMain.stepFailed(KeywordMain.groovy:36)
	at com.kms.katalon.core.keyword.internal.KeywordMain.stepFailed(KeywordMain.groovy)
	at com.kms.katalon.core.keyword.internal.KeywordMain.runKeyword(KeywordMain.groovy:56)
	at com.kms.katalon.core.webservice.keyword.builtin.VerifyElementPropertyValueKeyword.verifyElementPropertyValue(VerifyElementPropertyValueKeyword.groovy:48)
	at com.kms.katalon.core.webservice.keyword.builtin.VerifyElementPropertyValueKeyword.execute(VerifyElementPropertyValueKeyword.groovy:43)
	at com.kms.katalon.core.keyword.internal.KeywordExecutor.executeKeywordForPlatform(KeywordExecutor.groovy:53)
	at com.kms.katalon.core.webservice.keyword.WSBuiltInKeywords.verifyElementPropertyValue(WSBuiltInKeywords.groovy:123)
	at com.kms.katalon.core.webservice.keyword.WSBuiltInKeywords$verifyElementPropertyValue$2.call(Unknown Source)
	at AdditionTC.run(AdditionTC:20)
	at com.kms.katalon.core.main.ScriptEngine.run(ScriptEngine.java:194)
	at com.kms.katalon.core.main.ScriptEngine.runScriptAsRawText(ScriptEngine.java:119)
	at com.kms.katalon.core.main.TestCaseExecutor.runScript(TestCaseExecutor.java:328)
	at com.kms.katalon.core.main.TestCaseExecutor.doExecute(TestCaseExecutor.java:319)
	at com.kms.katalon.core.main.TestCaseExecutor.processExecutionPhase(TestCaseExecutor.java:298)
	at com.kms.katalon.core.main.TestCaseExecutor.accessMainPhase(TestCaseExecutor.java:290)
	at com.kms.katalon.core.main.TestCaseExecutor.execute(TestCaseExecutor.java:224)
	at com.kms.katalon.core.main.TestSuiteExecutor.accessTestCaseMainPhase(TestSuiteExecutor.java:129)
	at com.kms.katalon.core.main.TestSuiteExecutor.accessTestSuiteMainPhase(TestSuiteExecutor.java:112)
	at com.kms.katalon.core.main.TestSuiteExecutor.execute(TestSuiteExecutor.java:81)
	at com.kms.katalon.core.main.TestCaseMain.startTestSuite(TestCaseMain.java:149)
	at com.kms.katalon.core.main.TestCaseMain$startTestSuite$0.call(Unknown Source)
	at TempTestSuite1549130381085.run(TempTestSuite1549130381085.groovy:36)


2019-02-02 23:30:02 - [MESSAGE][FAILED] - Expected element property value '3' is not equal with actual property value '6'

2019-02-02 23:30:02 - [MESSAGE][FAILED] - Unable to verify element property value (Root cause: com.kms.katalon.core.exception.StepFailedException: Expected element property value '3' is not equal with actual property value '6')

2019-02-02 23:30:02 - [MESSAGE][FAILED] - verifyElementPropertyValue(response, "AddResponse.AddResult", "3") FAILED.
Reason:
com.kms.katalon.core.exception.StepFailedException: Unable to verify element property value (Root cause: com.kms.katalon.core.exception.StepFailedException: Expected element property value '3' is not equal with actual property value '6')
	at com.kms.katalon.core.keyword.internal.KeywordMain.stepFailed(KeywordMain.groovy:36)
	at com.kms.katalon.core.keyword.internal.KeywordMain.stepFailed(KeywordMain.groovy)
	at com.kms.katalon.core.keyword.internal.KeywordMain.runKeyword(KeywordMain.groovy:56)
	at com.kms.katalon.core.webservice.keyword.builtin.VerifyElementPropertyValueKeyword.verifyElementPropertyValue(VerifyElementPropertyValueKeyword.groovy:48)
	at com.kms.katalon.core.webservice.keyword.builtin.VerifyElementPropertyValueKeyword.execute(VerifyElementPropertyValueKeyword.groovy:43)
	at com.kms.katalon.core.keyword.internal.KeywordExecutor.executeKeywordForPlatform(KeywordExecutor.groovy:53)
	at com.kms.katalon.core.webservice.keyword.WSBuiltInKeywords.verifyElementPropertyValue(WSBuiltInKeywords.groovy:123)
	at com.kms.katalon.core.webservice.keyword.WSBuiltInKeywords$verifyElementPropertyValue$2.call(Unknown Source)
	at AdditionTC.run(AdditionTC:20)
	at com.kms.katalon.core.main.ScriptEngine.run(ScriptEngine.java:194)
	at com.kms.katalon.core.main.ScriptEngine.runScriptAsRawText(ScriptEngine.java:119)
	at com.kms.katalon.core.main.TestCaseExecutor.runScript(TestCaseExecutor.java:328)
	at com.kms.katalon.core.main.TestCaseExecutor.doExecute(TestCaseExecutor.java:319)
	at com.kms.katalon.core.main.TestCaseExecutor.processExecutionPhase(TestCaseExecutor.java:298)
	at com.kms.katalon.core.main.TestCaseExecutor.accessMainPhase(TestCaseExecutor.java:290)
	at com.kms.katalon.core.main.TestCaseExecutor.execute(TestCaseExecutor.java:224)
	at com.kms.katalon.core.main.TestSuiteExecutor.accessTestCaseMainPhase(TestSuiteExecutor.java:129)
	at com.kms.katalon.core.main.TestSuiteExecutor.accessTestSuiteMainPhase(TestSuiteExecutor.java:112)
	at com.kms.katalon.core.main.TestSuiteExecutor.execute(TestSuiteExecutor.java:81)
	at com.kms.katalon.core.main.TestCaseMain.startTestSuite(TestCaseMain.java:149)
	at com.kms.katalon.core.main.TestCaseMain$startTestSuite$0.call(Unknown Source)
	at TempTestSuite1549130381085.run(TempTestSuite1549130381085.groovy:36)]]></system-out>
         <system-err><![CDATA[2019-02-02 23:29:49 - [TEST_CASE][FAILED] - Test Cases/Calculatorcases/AdditionTC: Test Cases/Calculatorcases/AdditionTC FAILED.
Reason:
com.kms.katalon.core.exception.StepFailedException: Unable to verify element property value (Root cause: com.kms.katalon.core.exception.StepFailedException: Expected element property value '3' is not equal with actual property value '6')
	at com.kms.katalon.core.keyword.internal.KeywordMain.stepFailed(KeywordMain.groovy:36)
	at com.kms.katalon.core.keyword.internal.KeywordMain.stepFailed(KeywordMain.groovy)
	at com.kms.katalon.core.keyword.internal.KeywordMain.runKeyword(KeywordMain.groovy:56)
	at com.kms.katalon.core.webservice.keyword.builtin.VerifyElementPropertyValueKeyword.verifyElementPropertyValue(VerifyElementPropertyValueKeyword.groovy:48)
	at com.kms.katalon.core.webservice.keyword.builtin.VerifyElementPropertyValueKeyword.execute(VerifyElementPropertyValueKeyword.groovy:43)
	at com.kms.katalon.core.keyword.internal.KeywordExecutor.executeKeywordForPlatform(KeywordExecutor.groovy:53)
	at com.kms.katalon.core.webservice.keyword.WSBuiltInKeywords.verifyElementPropertyValue(WSBuiltInKeywords.groovy:123)
	at com.kms.katalon.core.webservice.keyword.WSBuiltInKeywords$verifyElementPropertyValue$2.call(Unknown Source)
	at AdditionTC.run(AdditionTC:20)
	at com.kms.katalon.core.main.ScriptEngine.run(ScriptEngine.java:194)
	at com.kms.katalon.core.main.ScriptEngine.runScriptAsRawText(ScriptEngine.java:119)
	at com.kms.katalon.core.main.TestCaseExecutor.runScript(TestCaseExecutor.java:328)
	at com.kms.katalon.core.main.TestCaseExecutor.doExecute(TestCaseExecutor.java:319)
	at com.kms.katalon.core.main.TestCaseExecutor.processExecutionPhase(TestCaseExecutor.java:298)
	at com.kms.katalon.core.main.TestCaseExecutor.accessMainPhase(TestCaseExecutor.java:290)
	at com.kms.katalon.core.main.TestCaseExecutor.execute(TestCaseExecutor.java:224)
	at com.kms.katalon.core.main.TestSuiteExecutor.accessTestCaseMainPhase(TestSuiteExecutor.java:129)
	at com.kms.katalon.core.main.TestSuiteExecutor.accessTestSuiteMainPhase(TestSuiteExecutor.java:112)
	at com.kms.katalon.core.main.TestSuiteExecutor.execute(TestSuiteExecutor.java:81)
	at com.kms.katalon.core.main.TestCaseMain.startTestSuite(TestCaseMain.java:149)
	at com.kms.katalon.core.main.TestCaseMain$startTestSuite$0.call(Unknown Source)
	at TempTestSuite1549130381085.run(TempTestSuite1549130381085.groovy:36)]]></system-err>
      </testcase>
      <testcase name="Test Cases/UserDetails/Httpmethodcase" classname="Test Cases/UserDetails/Httpmethodcase" status="PASSED">
         <system-out><![CDATA[2019-02-02 23:30:02 - [TEST_CASE][PASSED] - Test Cases/UserDetails/Httpmethodcase: Test Cases/UserDetails/Httpmethodcase

2019-02-02 23:30:03 - [TEST_STEP][PASSED] - response = sendRequestAndVerify(findTestObject("UsersRestService/Userdetails")): Send request and verify the response successfully

2019-02-02 23:30:05 - [TEST_CASE][PASSED] - Start Test Case : Verification: Verification accomplished successfully

2019-02-02 23:30:06 - [TEST_STEP][PASSED] - request = getInstance().getCurrentRequest(): null

2019-02-02 23:30:06 - [TEST_STEP][PASSED] - response = getInstance().getCurrentResponse(): null

2019-02-02 23:30:06 - [TEST_STEP][PASSED] - verifyResponseStatusCode(response, 200): Verify response status code successfully

2019-02-02 23:30:06 - [MESSAGE][PASSED] - Verify response status code successfully

2019-02-02 23:30:06 - [TEST_STEP][PASSED] - getStatusCode()).isEqualTo(200): null

2019-02-02 23:30:06 - [MESSAGE][PASSED] - Verify response successfully

2019-02-02 23:30:06 - [MESSAGE][PASSED] - Send request and verify the response successfully

2019-02-02 23:30:06 - [TEST_STEP][PASSED] - CU = sendRequestAndVerify(findTestObject("UsersRestService/CreateUser")): Send request and verify the response successfully

2019-02-02 23:30:06 - [TEST_CASE][PASSED] - Start Test Case : Verification: Verification accomplished successfully

2019-02-02 23:30:07 - [TEST_STEP][PASSED] - request = getInstance().getCurrentRequest(): null

2019-02-02 23:30:07 - [TEST_STEP][PASSED] - response = getInstance().getCurrentResponse(): null

2019-02-02 23:30:07 - [TEST_STEP][PASSED] - verifyResponseStatusCode(response, 201): Verify response status code successfully

2019-02-02 23:30:07 - [MESSAGE][PASSED] - Verify response status code successfully

2019-02-02 23:30:07 - [TEST_STEP][PASSED] - getStatusCode()).isEqualTo(201): null

2019-02-02 23:30:07 - [MESSAGE][PASSED] - Verify response successfully

2019-02-02 23:30:07 - [MESSAGE][PASSED] - Send request and verify the response successfully

2019-02-02 23:30:07 - [TEST_STEP][PASSED] - verifyElementPropertyValue(CU, "name", "morpheus"): Verify element property value successfully

2019-02-02 23:30:07 - [MESSAGE][PASSED] - Verify element property value successfully

2019-02-02 23:30:07 - [TEST_STEP][PASSED] - UU = sendRequestAndVerify(findTestObject("UsersRestService/UpdateUser")): Send request and verify the response successfully

2019-02-02 23:30:07 - [TEST_CASE][PASSED] - Start Test Case : Verification: Verification accomplished successfully

2019-02-02 23:30:08 - [TEST_STEP][PASSED] - request = getInstance().getCurrentRequest(): null

2019-02-02 23:30:08 - [TEST_STEP][PASSED] - response = getInstance().getCurrentResponse(): null

2019-02-02 23:30:08 - [MESSAGE][PASSED] - Verify response successfully

2019-02-02 23:30:08 - [MESSAGE][PASSED] - Send request and verify the response successfully

2019-02-02 23:30:08 - [TEST_STEP][PASSED] - verifyElementPropertyValue(UU, "job", "zion resident"): Verify element property value successfully

2019-02-02 23:30:08 - [MESSAGE][PASSED] - Verify element property value successfully

2019-02-02 23:30:08 - [TEST_STEP][PASSED] - DU = sendRequestAndVerify(findTestObject("UsersRestService/DeleteUser")): Send request and verify the response successfully

2019-02-02 23:30:08 - [TEST_CASE][PASSED] - Start Test Case : Verification: Verification accomplished successfully

2019-02-02 23:30:09 - [TEST_STEP][PASSED] - request = getInstance().getCurrentRequest(): null

2019-02-02 23:30:09 - [TEST_STEP][PASSED] - response = getInstance().getCurrentResponse(): null

2019-02-02 23:30:09 - [TEST_STEP][PASSED] - verifyResponseStatusCode(response, 204): Verify response status code successfully

2019-02-02 23:30:09 - [MESSAGE][PASSED] - Verify response status code successfully

2019-02-02 23:30:09 - [TEST_STEP][PASSED] - getStatusCode()).isEqualTo(204): null

2019-02-02 23:30:09 - [MESSAGE][PASSED] - Verify response successfully

2019-02-02 23:30:09 - [MESSAGE][PASSED] - Send request and verify the response successfully]]></system-out>
         <system-err><![CDATA[]]></system-err>
      </testcase>
      <testcase name="Test Cases/UserDetails/UserDetailsTC" classname="Test Cases/UserDetails/UserDetailsTC" status="PASSED">
         <system-out><![CDATA[2019-02-02 23:30:09 - [TEST_CASE][PASSED] - Test Cases/UserDetails/UserDetailsTC: Test Cases/UserDetails/UserDetailsTC

2019-02-02 23:30:09 - [TEST_STEP][PASSED] - response = sendRequestAndVerify(findTestObject("UsersRestService/Userdetails")): Send request and verify the response successfully

2019-02-02 23:30:11 - [TEST_CASE][PASSED] - Start Test Case : Verification: Verification accomplished successfully

2019-02-02 23:30:11 - [TEST_STEP][PASSED] - request = getInstance().getCurrentRequest(): null

2019-02-02 23:30:11 - [TEST_STEP][PASSED] - response = getInstance().getCurrentResponse(): null

2019-02-02 23:30:11 - [TEST_STEP][PASSED] - verifyResponseStatusCode(response, 200): Verify response status code successfully

2019-02-02 23:30:11 - [MESSAGE][PASSED] - Verify response status code successfully

2019-02-02 23:30:11 - [TEST_STEP][PASSED] - getStatusCode()).isEqualTo(200): null

2019-02-02 23:30:11 - [MESSAGE][PASSED] - Verify response successfully

2019-02-02 23:30:11 - [MESSAGE][PASSED] - Send request and verify the response successfully

2019-02-02 23:30:11 - [TEST_STEP][PASSED] - verifyElementPropertyValue(response, "data[0].first_name", "Eve"): Verify element property value successfully

2019-02-02 23:30:11 - [MESSAGE][PASSED] - Verify element property value successfully]]></system-out>
         <system-err><![CDATA[]]></system-err>
      </testcase>
      <system-out><![CDATA[2019-02-02 23:29:48 - [TEST_SUITE][FAILED] - ApiTest: Test Cases/Calculatorcases/AdditionTC FAILED.
Reason:
com.kms.katalon.core.exception.StepFailedException: Unable to verify element property value (Root cause: com.kms.katalon.core.exception.StepFailedException: Expected element property value '3' is not equal with actual property value '6')
	at com.kms.katalon.core.keyword.internal.KeywordMain.stepFailed(KeywordMain.groovy:36)
	at com.kms.katalon.core.keyword.internal.KeywordMain.stepFailed(KeywordMain.groovy)
	at com.kms.katalon.core.keyword.internal.KeywordMain.runKeyword(KeywordMain.groovy:56)
	at com.kms.katalon.core.webservice.keyword.builtin.VerifyElementPropertyValueKeyword.verifyElementPropertyValue(VerifyElementPropertyValueKeyword.groovy:48)
	at com.kms.katalon.core.webservice.keyword.builtin.VerifyElementPropertyValueKeyword.execute(VerifyElementPropertyValueKeyword.groovy:43)
	at com.kms.katalon.core.keyword.internal.KeywordExecutor.executeKeywordForPlatform(KeywordExecutor.groovy:53)
	at com.kms.katalon.core.webservice.keyword.WSBuiltInKeywords.verifyElementPropertyValue(WSBuiltInKeywords.groovy:123)
	at com.kms.katalon.core.webservice.keyword.WSBuiltInKeywords$verifyElementPropertyValue$2.call(Unknown Source)
	at AdditionTC.run(AdditionTC:20)
	at com.kms.katalon.core.main.ScriptEngine.run(ScriptEngine.java:194)
	at com.kms.katalon.core.main.ScriptEngine.runScriptAsRawText(ScriptEngine.java:119)
	at com.kms.katalon.core.main.TestCaseExecutor.runScript(TestCaseExecutor.java:328)
	at com.kms.katalon.core.main.TestCaseExecutor.doExecute(TestCaseExecutor.java:319)
	at com.kms.katalon.core.main.TestCaseExecutor.processExecutionPhase(TestCaseExecutor.java:298)
	at com.kms.katalon.core.main.TestCaseExecutor.accessMainPhase(TestCaseExecutor.java:290)
	at com.kms.katalon.core.main.TestCaseExecutor.execute(TestCaseExecutor.java:224)
	at com.kms.katalon.core.main.TestSuiteExecutor.accessTestCaseMainPhase(TestSuiteExecutor.java:129)
	at com.kms.katalon.core.main.TestSuiteExecutor.accessTestSuiteMainPhase(TestSuiteExecutor.java:112)
	at com.kms.katalon.core.main.TestSuiteExecutor.execute(TestSuiteExecutor.java:81)
	at com.kms.katalon.core.main.TestCaseMain.startTestSuite(TestCaseMain.java:149)
	at com.kms.katalon.core.main.TestCaseMain$startTestSuite$0.call(Unknown Source)
	at TempTestSuite1549130381085.run(TempTestSuite1549130381085.groovy:36)]]></system-out>
      <system-err><![CDATA[2019-02-02 23:29:48 - [TEST_SUITE][FAILED] - ApiTest: Test Cases/Calculatorcases/AdditionTC FAILED.
Reason:
com.kms.katalon.core.exception.StepFailedException: Unable to verify element property value (Root cause: com.kms.katalon.core.exception.StepFailedException: Expected element property value '3' is not equal with actual property value '6')
	at com.kms.katalon.core.keyword.internal.KeywordMain.stepFailed(KeywordMain.groovy:36)
	at com.kms.katalon.core.keyword.internal.KeywordMain.stepFailed(KeywordMain.groovy)
	at com.kms.katalon.core.keyword.internal.KeywordMain.runKeyword(KeywordMain.groovy:56)
	at com.kms.katalon.core.webservice.keyword.builtin.VerifyElementPropertyValueKeyword.verifyElementPropertyValue(VerifyElementPropertyValueKeyword.groovy:48)
	at com.kms.katalon.core.webservice.keyword.builtin.VerifyElementPropertyValueKeyword.execute(VerifyElementPropertyValueKeyword.groovy:43)
	at com.kms.katalon.core.keyword.internal.KeywordExecutor.executeKeywordForPlatform(KeywordExecutor.groovy:53)
	at com.kms.katalon.core.webservice.keyword.WSBuiltInKeywords.verifyElementPropertyValue(WSBuiltInKeywords.groovy:123)
	at com.kms.katalon.core.webservice.keyword.WSBuiltInKeywords$verifyElementPropertyValue$2.call(Unknown Source)
	at AdditionTC.run(AdditionTC:20)
	at com.kms.katalon.core.main.ScriptEngine.run(ScriptEngine.java:194)
	at com.kms.katalon.core.main.ScriptEngine.runScriptAsRawText(ScriptEngine.java:119)
	at com.kms.katalon.core.main.TestCaseExecutor.runScript(TestCaseExecutor.java:328)
	at com.kms.katalon.core.main.TestCaseExecutor.doExecute(TestCaseExecutor.java:319)
	at com.kms.katalon.core.main.TestCaseExecutor.processExecutionPhase(TestCaseExecutor.java:298)
	at com.kms.katalon.core.main.TestCaseExecutor.accessMainPhase(TestCaseExecutor.java:290)
	at com.kms.katalon.core.main.TestCaseExecutor.execute(TestCaseExecutor.java:224)
	at com.kms.katalon.core.main.TestSuiteExecutor.accessTestCaseMainPhase(TestSuiteExecutor.java:129)
	at com.kms.katalon.core.main.TestSuiteExecutor.accessTestSuiteMainPhase(TestSuiteExecutor.java:112)
	at com.kms.katalon.core.main.TestSuiteExecutor.execute(TestSuiteExecutor.java:81)
	at com.kms.katalon.core.main.TestCaseMain.startTestSuite(TestCaseMain.java:149)
	at com.kms.katalon.core.main.TestCaseMain$startTestSuite$0.call(Unknown Source)
	at TempTestSuite1549130381085.run(TempTestSuite1549130381085.groovy:36)]]></system-err>
   </testsuite>
</testsuites>
